<mule xmlns="http://www.mulesoft.org/schema/mule/core"
      xmlns:xsi="http://www.w3.org/2001/XMLSchema-instance"
      xmlns:marklogic="http://www.mulesoft.org/schema/mule/marklogic"
      xsi:schemaLocation="http://www.mulesoft.org/schema/mule/core http://www.mulesoft.org/schema/mule/core/current/mule.xsd
          http://www.mulesoft.org/schema/mule/marklogic http://www.mulesoft.org/schema/mule/marklogic/current/mule-marklogic.xsd">

    <marklogic:config name="config" configId="configId">
        <marklogic:connection requiredParameter="localhost" />
        <marklogic:connection username="xpl-ingest-user" />
        <marklogic:connection password="password" />
        <marklogic:connection port="8020" />
    </marklogic:config>

    <!-- <flow name="sayHiFlow">
        <marklogic:say-hi person="Mariano Gonzalez"/>
    </flow> -->

    <flow name="retrieveInfoFlow">
        <marklogic:retrieve-info config-ref="config"/>
    </flow>

</mule>
